<?xml version="1.0" encoding="UTF-8"?>
<!-- Generated by org.testng.reporters.JUnitReportReporter -->
<testsuite hostname="Mayandi" failures="0" tests="1" name="Assertion.soft" time="5.608" errors="0" timestamp="2023-08-06T19:13:55 IST" skipped="0">
  <testcase classname="Assertion.soft" name="sat" time="5.608"/>
</testsuite> <!-- Assertion.soft -->
