<?xml version="1.0" encoding="UTF-8"?>
<!-- Generated by org.testng.reporters.JUnitReportReporter -->
<testsuite hostname="Mayandi" failures="0" tests="1" name="waits.implicitwaits" time="8.853" errors="0" timestamp="2023-08-06T19:25:27 IST" skipped="0">
  <testcase classname="waits.implicitwaits" name="implicit" time="8.853"/>
</testsuite> <!-- waits.implicitwaits -->
